============================= test session starts ==============================
platform linux -- Python 3.12.3, pytest-9.0.3, pluggy-1.6.0
rootdir: /work/nmaric/CoFFE/CoFFE
configfile: pyproject.toml
testpaths: tests
plugins: cov-7.1.0, hydra-core-1.3.2, anyio-4.13.0
collected 62 items

tests/test_data.py .                                                     [  1%]
tests/test_hypersigma_native_shapes.py .........................         [ 41%]
tests/test_hypersigma_shapes.py ....                                     [ 48%]
tests/test_mft_original_shapes.py .............                          [ 69%]
tests/test_models.py ...                                                 [ 74%]
tests/test_pretrain_enhanced.py ....                                     [ 80%]
tests/test_spatial_weights.py ............                               [100%]

=============================== warnings summary ===============================
.venv/lib/python3.12/site-packages/timm/models/layers/__init__.py:49
  /work/nmaric/CoFFE/CoFFE/.venv/lib/python3.12/site-packages/timm/models/layers/__init__.py:49: FutureWarning: Importing from timm.models.layers is deprecated, please import via timm.layers
    warnings.warn(f"Importing from {__name__} is deprecated, please import via timm.layers", FutureWarning)

tests/test_hypersigma_native_shapes.py::test_native_spatial_forward[144-upscale]
  /work/nmaric/CoFFE/CoFFE/.venv/lib/python3.12/site-packages/torch/functional.py:505: UserWarning: torch.meshgrid: in an upcoming release, it will be required to pass the indexing argument. (Triggered internally at /pytorch/aten/src/ATen/native/TensorShape.cpp:4381.)
    return _VF.meshgrid(tensors, **kwargs)  # type: ignore[attr-defined]

-- Docs: https://docs.pytest.org/en/stable/how-to/capture-warnings.html
================================ tests coverage ================================
_______________ coverage: platform linux, python 3.12.3-final-0 ________________

Name                                       Stmts   Miss  Cover   Missing
------------------------------------------------------------------------
data/__init__.py                               3      0   100%
data/datasets/__init__.py                      7      0   100%
data/datasets/base.py                         70     46    34%   24-38, 43, 49, 55, 61, 65-71, 75-91, 95-104, 107, 111-122
data/datasets/houston.py                      47     33    30%   21, 25, 29, 36-61, 65-76, 80-87
data/datasets/muufl.py                        39     25    36%   20, 24, 28, 32-47, 51-55, 59-64
data/datasets/patched.py                     146     88    40%   35-54, 60, 66, 72, 78, 82-102, 111-130, 134-137, 141-160, 164, 169-179, 183-190, 194, 197, 200, 221, 225, 229, 233, 249, 253, 257, 261, 277, 281, 285, 289
data/datasets/registry.py                     27      7    74%   54, 57, 60, 74-77
data/datasets/trento.py                       46     32    30%   21, 25, 29, 34-57, 61-69, 73-78
data/samplers/__init__.py                      3      0   100%
data/samplers/episode_sampler.py              38      4    89%   41, 89-90, 93
data/samplers/patched_episode_sampler.py     137    119    13%   44-76, 80-93, 97-125, 142-188, 200-201, 204, 208, 242-271, 277-290, 294-322, 333-334, 337
data/transforms/__init__.py                    2      2     0%   2-12
data/transforms/augmentations.py              77     77     0%   2-153
models/__init__.py                             5      0   100%
models/backbones/__init__.py                   5      0   100%
models/backbones/base.py                      28     14    50%   35-37, 59, 83, 107, 111-112, 116-117, 121-123, 131
models/backbones/hsi_baseline.py              82     68    17%   67-120, 124-135, 147-161, 175-180, 201-229, 247-271, 278
models/backbones/mft_channel.py               85     71    16%   62-129, 133-144, 156-170, 183-188, 203-210, 232-270, 289-309
models/backbones/mft_pixel.py                 85     71    16%   68-134, 138-149, 161-175, 187-189, 203-209, 230-258, 277-297
models/components/__init__.py                  5      0   100%
models/components/mft_blocks.py              146     35    76%   50, 164-172, 181-195, 256, 346-347, 381-387, 413-423, 434-438
models/components/projection.py               67     23    66%   47, 49, 69, 74, 114-115, 118-127, 160-163, 186-194
models/components/tokenizers.py               37      7    81%   98-104, 117-120
models/components/transformer.py              25      0   100%
models/hypersigma/__init__.py                  7      0   100%
models/hypersigma/_input_fit.py               25      6    76%   44, 53, 61-65
models/hypersigma/hypersigma_cosine.py        80     36    55%   50, 52, 72-82, 117, 128-134, 142-146, 154-168
models/hypersigma/hypersigma_dual.py         120     38    68%   154, 158, 165-167, 238, 243, 250-252, 268-275, 278-347, 358
models/hypersigma/preprocessing.py           101     49    51%   64-88, 112-145, 149-150, 186, 199-206, 209, 212
models/hypersigma/sem.py                      31      0   100%
models/hypersigma/spat_vit_branch.py         139     32    77%   74, 77, 79, 85, 89, 216-221, 227, 234, 245-247, 257-276, 290, 309
models/hypersigma/spec_vit_branch.py         132     33    75%   73, 76, 78, 84, 88, 205-210, 216, 222, 233-235, 245-274, 290, 305
models/mft_cpea_cosine.py                    125     69    45%   108, 164, 183-193, 218, 240-268, 291-299, 316-324, 355-382, 402-414, 436-455, 472
models/mft_original.py                       106     30    72%   122, 253-259, 268-274, 283-295, 298-300, 307
models/wrappers/__init__.py                    2      0   100%
models/wrappers/pretrain_wrapper.py           88     69    22%   36-68, 85-116, 133-135, 152-154, 198-218, 235-243, 269-288, 310-329, 347-353, 357
------------------------------------------------------------------------
TOTAL                                       2168   1084    50%
================== 62 passed, 2 warnings in 86.79s (0:01:26) ===================
